<?xml version="1.0" encoding="UTF-8"?>
<testsuite xmlns:xsi="http://www.w3.org/2001/XMLSchema-instance" xsi:noNamespaceSchemaLocation="https://maven.apache.org/surefire/maven-surefire-plugin/xsd/surefire-test-report-3.0.xsd" version="3.0" name="com.winnerezy.Veo.VeoApplicationTests" time="25.949" tests="1" errors="0" skipped="0" failures="0">
  <properties>
[...]
</properties>
  <testcase name="contextLoads" classname="com.winnerezy.Veo.VeoApplicationTests" time="0.641">
    <system-out><![CDATA[23:48:34.880 [main] INFO org.springframework.test.context.support.AnnotationConfigContextLoaderUtils -- Could not detect default configuration classes for test class [com.winnerezy.Veo.VeoApplicationTests]: VeoApplicationTests does not declare any static, non-private, non-final, nested classes annotated with @Configuration.
23:48:35.169 [main] INFO org.springframework.boot.test.context.SpringBootTestContextBootstrapper -- Found @SpringBootConfiguration com.winnerezy.Veo.VeoApplication for test class com.winnerezy.Veo.VeoApplicationTests
23:48:35.412 [main] INFO org.springframework.boot.devtools.restart.RestartApplicationListener -- Restart disabled due to context in which it is running

  .   ____          _            __ _ _
 /\\ / ___'_ __ _ _(_)_ __  __ _ \ \ \ \
( ( )\___ | '_ | '_| | '_ \/ _` | \ \ \ \
 \\/  ___)| |_)| | | | | || (_| |  ) ) ) )
  '  |____| .__|_| |_|_| |_\__, | / / / /
 =========|_|==============|___/=/_/_/_/

 :: Spring Boot ::                (v3.3.5)

2025-01-24T23:48:35.885+01:00  INFO 232944 --- [Veo] [           main] com.winnerezy.Veo.VeoApplicationTests    : Starting VeoApplicationTests using Java 21.0.5 with PID 232944 (started by winner in /home/winner/Documents/projects/Veo)
2025-01-24T23:48:35.887+01:00 DEBUG 232944 --- [Veo] [           main] com.winnerezy.Veo.VeoApplicationTests    : Running with Spring Boot v3.3.5, Spring v6.1.14
2025-01-24T23:48:35.888+01:00  INFO 232944 --- [Veo] [           main] com.winnerezy.Veo.VeoApplicationTests    : No active profile set, falling back to 1 default profile: "default"
2025-01-24T23:48:36.910+01:00  INFO 232944 --- [Veo] [           main] .s.d.r.c.RepositoryConfigurationDelegate : Multiple Spring Data modules found, entering strict repository configuration mode
2025-01-24T23:48:36.911+01:00  INFO 232944 --- [Veo] [           main] .s.d.r.c.RepositoryConfigurationDelegate : Bootstrapping Spring Data JPA repositories in DEFAULT mode.
2025-01-24T23:48:37.026+01:00  INFO 232944 --- [Veo] [           main] .s.d.r.c.RepositoryConfigurationDelegate : Finished Spring Data repository scanning in 103 ms. Found 3 JPA repository interfaces.
2025-01-24T23:48:37.334+01:00  INFO 232944 --- [Veo] [           main] .s.d.r.c.RepositoryConfigurationDelegate : Multiple Spring Data modules found, entering strict repository configuration mode
2025-01-24T23:48:37.335+01:00  INFO 232944 --- [Veo] [           main] .s.d.r.c.RepositoryConfigurationDelegate : Bootstrapping Spring Data JDBC repositories in DEFAULT mode.
2025-01-24T23:48:37.361+01:00  INFO 232944 --- [Veo] [           main] .RepositoryConfigurationExtensionSupport : Spring Data JDBC - Could not safely identify store assignment for repository candidate interface com.winnerezy.Veo.repositories.OptionRepository; If you want this repository to be a JDBC repository, consider annotating your entities with one of these annotations: org.springframework.data.relational.core.mapping.Table.
2025-01-24T23:48:37.361+01:00  INFO 232944 --- [Veo] [           main] .RepositoryConfigurationExtensionSupport : Spring Data JDBC - Could not safely identify store assignment for repository candidate interface com.winnerezy.Veo.repositories.PollRepository; If you want this repository to be a JDBC repository, consider annotating your entities with one of these annotations: org.springframework.data.relational.core.mapping.Table.
2025-01-24T23:48:37.362+01:00  INFO 232944 --- [Veo] [           main] .RepositoryConfigurationExtensionSupport : Spring Data JDBC - Could not safely identify store assignment for repository candidate interface com.winnerezy.Veo.repositories.UserRepository; If you want this repository to be a JDBC repository, consider annotating your entities with one of these annotations: org.springframework.data.relational.core.mapping.Table.
2025-01-24T23:48:37.363+01:00  INFO 232944 --- [Veo] [           main] .s.d.r.c.RepositoryConfigurationDelegate : Finished Spring Data repository scanning in 27 ms. Found 0 JDBC repository interfaces.
2025-01-24T23:48:38.296+01:00  INFO 232944 --- [Veo] [           main] o.hibernate.jpa.internal.util.LogHelper  : HHH000204: Processing PersistenceUnitInfo [name: default]
2025-01-24T23:48:38.446+01:00  INFO 232944 --- [Veo] [           main] org.hibernate.Version                    : HHH000412: Hibernate ORM core version 6.5.3.Final
2025-01-24T23:48:38.492+01:00  INFO 232944 --- [Veo] [           main] o.h.c.internal.RegionFactoryInitiator    : HHH000026: Second-level cache disabled
2025-01-24T23:48:38.954+01:00  INFO 232944 --- [Veo] [           main] o.s.o.j.p.SpringPersistenceUnitInfo      : No LoadTimeWeaver setup: ignoring JPA class transformer
2025-01-24T23:48:39.006+01:00  INFO 232944 --- [Veo] [           main] com.zaxxer.hikari.HikariDataSource       : HikariPool-1 - Starting...
2025-01-24T23:48:44.518+01:00  INFO 232944 --- [Veo] [           main] com.zaxxer.hikari.pool.HikariPool        : HikariPool-1 - Added connection org.postgresql.jdbc.PgConnection@4d2f9e3c
2025-01-24T23:48:44.523+01:00  INFO 232944 --- [Veo] [           main] com.zaxxer.hikari.HikariDataSource       : HikariPool-1 - Start completed.
2025-01-24T23:48:44.971+01:00  WARN 232944 --- [Veo] [           main] org.hibernate.orm.deprecation            : HHH90000025: PostgreSQLDialect does not need to be specified explicitly using 'hibernate.dialect' (remove the property setting and it will be selected by default)
2025-01-24T23:48:47.567+01:00  INFO 232944 --- [Veo] [           main] o.h.e.t.j.p.i.JtaPlatformInitiator       : HHH000489: No JTA platform available (set 'hibernate.transaction.jta.platform' to enable JTA platform integration)
2025-01-24T23:48:57.560+01:00  INFO 232944 --- [Veo] [           main] j.LocalContainerEntityManagerFactoryBean : Initialized JPA EntityManagerFactory for persistence unit 'default'
2025-01-24T23:48:58.155+01:00  WARN 232944 --- [Veo] [           main] JpaBaseConfiguration$JpaWebConfiguration : spring.jpa.open-in-view is enabled by default. Therefore, database queries may be performed during view rendering. Explicitly configure spring.jpa.open-in-view to disable this warning
2025-01-24T23:48:58.455+01:00  INFO 232944 --- [Veo] [           main] eAuthenticationProviderManagerConfigurer : Global AuthenticationManager configured with AuthenticationProvider bean with name authenticationProvider
2025-01-24T23:48:58.456+01:00  WARN 232944 --- [Veo] [           main] r$InitializeUserDetailsManagerConfigurer : Global AuthenticationManager configured with an AuthenticationProvider bean. UserDetailsService beans will not be used for username/password login. Consider removing the AuthenticationProvider bean. Alternatively, consider using the UserDetailsService in a manually instantiated DaoAuthenticationProvider.
2025-01-24T23:48:59.810+01:00  INFO 232944 --- [Veo] [           main] com.winnerezy.Veo.VeoApplicationTests    : Started VeoApplicationTests in 24.424 seconds (process running for 26.191)
]]></system-out>
    <system-err><![CDATA[WARNING: A Java agent has been loaded dynamically (/home/winner/.m2/repository/net/bytebuddy/byte-buddy-agent/1.14.19/byte-buddy-agent-1.14.19.jar)
WARNING: If a serviceability tool is in use, please run with -XX:+EnableDynamicAgentLoading to hide this warning
WARNING: If a serviceability tool is not in use, please run with -Djdk.instrument.traceUsage for more information
WARNING: Dynamic loading of agents will be disallowed by default in a future release
]]></system-err>
  </testcase>
</testsuite>